Default/odbiorDanych.java
Default/przycisk_plus.java
Default/temperatureNotify.java
Default/Default_pkgClass.java
Default/Pomieszczenie.java
Default/CzujnikTemp.java
Default/Wiatrak.java
Default/pobierzDane.java
Default/Pilot.java
Default/OdbiornikIRDA.java
Default/reset.java
Default/wentylNotify.java
Default/awaria.java
Default/Klimatyzator.java
Default/Grzalka.java
Default/Kompresor.java
MainDefaultComponent.java
Default/Wentyl.java
Default/przycisk_nacisniety.java
Default/przycisk_minus.java
